ECHO is off.
OLIVE YOUNG ETL PIPELINE STARTED 
Start Time: 23/07/2026 17.23.52,20 
Working Directory: C:\Users\USER\projects\datascience\lab-basdat\Seleksi-2026-Tugas-1 
======================================= 
Proses Chrome Windows dihentikan.
WebDriver berhasil diinisialisasi.

⚙️ Memulai Pemetaan Kategori & Filter

--- MEMETAKAN FILTER: Toner ---
-> Reset halaman...
[v] Mengakses kategori utama...
[v] Memilih filter 'Toner'...
Menunggu 5 detik...
-> Scan 24 katalog...
✓ DONE: Berhasil mengekstrak 24 produk (24 URL baru).
Menunggu 5 detik...
-> Scan 48 katalog...
✓ DONE: Berhasil mengekstrak 48 produk (24 URL baru).
Menunggu 5 detik...
-> Scan 72 katalog...
✓ DONE: Berhasil mengekstrak 72 produk (24 URL baru).
✓ DONE: Selesai memetakan 'Toner'. Total antrean scraping: 72 URL unik.

--- MEMETAKAN FILTER: Essence & Serum ---
-> Reset halaman...
[v] Mengakses kategori utama...
[v] Memilih filter 'Essence & Serum'...
Menunggu 5 detik...
-> Scan 24 katalog...
✓ DONE: Berhasil mengekstrak 24 produk (24 URL baru).
Menunggu 5 detik...
-> Scan 48 katalog...
✓ DONE: Berhasil mengekstrak 48 produk (24 URL baru).
Menunggu 5 detik...
-> Scan 72 katalog...
✓ DONE: Berhasil mengekstrak 72 produk (24 URL baru).
✓ DONE: Selesai memetakan 'Essence & Serum'. Total antrean scraping: 144 URL unik.

--- MEMETAKAN FILTER: Cream ---
-> Reset halaman...
[v] Mengakses kategori utama...
[v] Memilih filter 'Cream'...
Menunggu 5 detik...
-> Scan 24 katalog...
✓ DONE: Berhasil mengekstrak 24 produk (23 URL baru).
Menunggu 5 detik...
-> Scan 48 katalog...
✓ DONE: Berhasil mengekstrak 48 produk (24 URL baru).
Menunggu 5 detik...
-> Scan 72 katalog...
✓ DONE: Berhasil mengekstrak 72 produk (24 URL baru).
✓ DONE: Selesai memetakan 'Cream'. Total antrean scraping: 215 URL unik.

--- MEMETAKAN FILTER: Cleansing Foams ---
-> Reset halaman...
[v] Mengakses kategori utama...
[v] Memilih filter 'Cleansing Foams'...
Menunggu 5 detik...
-> Scan 24 katalog...
✓ DONE: Berhasil mengekstrak 24 produk (24 URL baru).
Menunggu 5 detik...
-> Scan 48 katalog...
✓ DONE: Berhasil mengekstrak 48 produk (24 URL baru).
Menunggu 5 detik...
-> Scan 72 katalog...
✓ DONE: Berhasil mengekstrak 72 produk (24 URL baru).
✓ DONE: Selesai memetakan 'Cleansing Foams'. Total antrean scraping: 287 URL unik.

--- MEMETAKAN FILTER: Acne ---
-> Reset halaman...
[v] Memilih filter 'Acne'...
Menunggu 5 detik...
-> Scan 24 katalog...
✓ DONE: Berhasil mengekstrak 24 produk (13 URL baru).
Menunggu 5 detik...
-> Scan 48 katalog...
✓ DONE: Berhasil mengekstrak 48 produk (24 URL baru).
Menunggu 5 detik...
-> Scan 72 katalog...
✓ DONE: Berhasil mengekstrak 58 produk (10 URL baru).
✓ DONE: Selesai memetakan 'Acne'. Total antrean scraping: 334 URL unik.

--- MEMETAKAN FILTER: Blackheads ---
-> Reset halaman...
[v] Memilih filter 'Blackheads'...
Menunggu 5 detik...
-> Scan 24 katalog...
✓ DONE: Berhasil mengekstrak 24 produk (12 URL baru).
Menunggu 5 detik...
-> Scan 48 katalog...
✓ DONE: Berhasil mengekstrak 48 produk (8 URL baru).
Menunggu 5 detik...
-> Scan 72 katalog...
✓ DONE: Berhasil mengekstrak 72 produk (11 URL baru).
✓ DONE: Selesai memetakan 'Blackheads'. Total antrean scraping: 365 URL unik.

--- MEMETAKAN FILTER: Brightening ---
-> Reset halaman...
[v] Memilih filter 'Brightening'...
Menunggu 5 detik...
-> Scan 24 katalog...
✓ DONE: Berhasil mengekstrak 24 produk (2 URL baru).
Menunggu 5 detik...
-> Scan 48 katalog...
✓ DONE: Berhasil mengekstrak 48 produk (5 URL baru).
Menunggu 5 detik...
-> Scan 72 katalog...
✓ DONE: Berhasil mengekstrak 72 produk (20 URL baru).
✓ DONE: Selesai memetakan 'Brightening'. Total antrean scraping: 392 URL unik.

--- MEMETAKAN FILTER: Moisturising ---
-> Reset halaman...
[v] Memilih filter 'Moisturising'...
Menunggu 5 detik...
-> Scan 24 katalog...
✓ DONE: Berhasil mengekstrak 24 produk (1 URL baru).
Menunggu 5 detik...
-> Scan 48 katalog...
✓ DONE: Berhasil mengekstrak 48 produk (5 URL baru).
Menunggu 5 detik...
-> Scan 72 katalog...
✓ DONE: Berhasil mengekstrak 72 produk (4 URL baru).
✓ DONE: Selesai memetakan 'Moisturising'. Total antrean scraping: 402 URL unik.

--- MEMETAKAN FILTER: Soothing ---
-> Reset halaman...
[v] Memilih filter 'Soothing'...
Menunggu 5 detik...
-> Scan 24 katalog...
✓ DONE: Berhasil mengekstrak 24 produk (0 URL baru).
Menunggu 5 detik...
-> Scan 48 katalog...
✓ DONE: Berhasil mengekstrak 48 produk (2 URL baru).
Menunggu 5 detik...
-> Scan 72 katalog...
✓ DONE: Berhasil mengekstrak 72 produk (3 URL baru).
✓ DONE: Selesai memetakan 'Soothing'. Total antrean scraping: 407 URL unik.

--- MEMETAKAN FILTER: Visible Pores ---
-> Reset halaman...
[v] Memilih filter 'Visible Pores'...
Menunggu 5 detik...
-> Scan 24 katalog...
✓ DONE: Berhasil mengekstrak 24 produk (2 URL baru).
Menunggu 5 detik...
-> Scan 48 katalog...
✓ DONE: Berhasil mengekstrak 48 produk (6 URL baru).
Menunggu 5 detik...
-> Scan 72 katalog...
✓ DONE: Berhasil mengekstrak 72 produk (9 URL baru).
✓ DONE: Selesai memetakan 'Visible Pores'. Total antrean scraping: 424 URL unik.

--- MEMETAKAN FILTER: Well-aging ---
-> Reset halaman...
[v] Memilih filter 'Well-aging'...
Menunggu 5 detik...
-> Scan 24 katalog...
✓ DONE: Berhasil mengekstrak 24 produk (1 URL baru).
Menunggu 5 detik...
-> Scan 48 katalog...
✓ DONE: Berhasil mengekstrak 48 produk (1 URL baru).
Menunggu 5 detik...
-> Scan 72 katalog...
✓ DONE: Berhasil mengekstrak 72 produk (6 URL baru).
✓ DONE: Selesai memetakan 'Well-aging'. Total antrean scraping: 432 URL unik.

--- MEMETAKAN FILTER: Combination&Normal ---
-> Reset halaman...
[+] Membuka dropdown...
[v] Memilih filter 'Combination&Normal'...
Menunggu 5 detik...
-> Scan 24 katalog...
✓ DONE: Berhasil mengekstrak 24 produk (0 URL baru).
Menunggu 5 detik...
-> Scan 48 katalog...
✓ DONE: Berhasil mengekstrak 48 produk (0 URL baru).
Menunggu 5 detik...
-> Scan 72 katalog...
✓ DONE: Berhasil mengekstrak 72 produk (0 URL baru).
✓ DONE: Selesai memetakan 'Combination&Normal'. Total antrean scraping: 432 URL unik.

--- MEMETAKAN FILTER: Dry ---
-> Reset halaman...
[+] Membuka dropdown...
[v] Memilih filter 'Dry'...
Menunggu 5 detik...
-> Scan 24 katalog...
✓ DONE: Berhasil mengekstrak 24 produk (8 URL baru).
Menunggu 5 detik...
-> Scan 48 katalog...
✓ DONE: Berhasil mengekstrak 48 produk (21 URL baru).
Menunggu 5 detik...
-> Scan 72 katalog...
✓ DONE: Berhasil mengekstrak 72 produk (24 URL baru).
✓ DONE: Selesai memetakan 'Dry'. Total antrean scraping: 485 URL unik.

--- MEMETAKAN FILTER: Oily ---
-> Reset halaman...
[+] Membuka dropdown...
[v] Memilih filter 'Oily'...
Menunggu 5 detik...
-> Scan 24 katalog...
✓ DONE: Berhasil mengekstrak 24 produk (7 URL baru).
Menunggu 5 detik...
-> Scan 48 katalog...
✓ DONE: Berhasil mengekstrak 48 produk (22 URL baru).
Menunggu 5 detik...
-> Scan 72 katalog...
✓ DONE: Berhasil mengekstrak 72 produk (24 URL baru).
✓ DONE: Selesai memetakan 'Oily'. Total antrean scraping: 538 URL unik.

--- MEMETAKAN FILTER: Sensitive ---
-> Reset halaman...
[+] Membuka dropdown...
[v] Memilih filter 'Sensitive'...
Menunggu 5 detik...
-> Scan 24 katalog...
✓ DONE: Berhasil mengekstrak 24 produk (0 URL baru).
Menunggu 5 detik...
-> Scan 48 katalog...
✓ DONE: Berhasil mengekstrak 48 produk (6 URL baru).
Menunggu 5 detik...
-> Scan 72 katalog...
✓ DONE: Berhasil mengekstrak 72 produk (6 URL baru).
✓ DONE: Selesai memetakan 'Sensitive'. Total antrean scraping: 550 URL unik.

⚙️ Memulai ekstraksi metadata: 550 PRODUK DITEMUKAN
[1/550] Memproses: https://global.oliveyoung.com/product/detail?prdtNo=GA260338900
Menunggu 5 detik...
-> Mengekstrak brand dan nama produk...
-> Mengekstrak harga produk...
-> Mengekstrak komposisi produk...
[2/550] Memproses: https://global.oliveyoung.com/product/detail?prdtNo=GA260439734
Menunggu 5 detik...
-> Mengekstrak brand dan nama produk...
-> Mengekstrak harga produk...
-> Mengekstrak komposisi produk...
[3/550] Memproses: https://global.oliveyoung.com/product/detail?prdtNo=GA230217695
Menunggu 5 detik...
-> Mengekstrak brand dan nama produk...
-> Mengekstrak harga produk...
-> Mengekstrak komposisi produk...
⚠️ [TEST MODE] Membatasi ekstraksi hanya 3 produk untuk keperluan screenshot scheduling.

⚙️ Menyimpan hasil ke folder data...
✓ DONE: Berhasil diekspor: categories.json
✓ DONE: Berhasil diekspor: skin_concerns.json
✓ DONE: Berhasil diekspor: skin_types.json
✓ DONE: Berhasil diekspor: products.json
✓ DONE: Berhasil diekspor: skus.json
✓ DONE: Berhasil diekspor: ingredients.json
✓ DONE: Berhasil diekspor: product_category.json
✓ DONE: Berhasil diekspor: product_concern.json
✓ DONE: Berhasil diekspor: product_type.json

✓ DONE: Proses ETL selesai dengan sempurna!
[17.33.37,00] SCRAPING: SUCCESS 
⚙️ Memulai proses Data Loading ke PostgreSQL...

-> Memproses Data Dimensi (DO NOTHING jika nama sudah ada)...
  [+] Berhasil memuat 4 baris ke tabel Categories.
  [+] Berhasil memuat 7 baris ke tabel Skin_Concerns.
  [+] Berhasil memuat 4 baris ke tabel Skin_Types.

-> Memproses Data Produk (DO UPDATE jika product_id sama)...
  [+] Berhasil memuat 3 baris ke tabel Products.

-> Memproses Data SKUs & Ingredients...
  [+] Berhasil memuat 3 baris ke tabel SKUs.
  [+] Berhasil memuat 114 baris ke tabel Ingredients.

-> Memproses Relasi (DO NOTHING jika relasi sudah terbentuk)...
  [+] Berhasil memuat 3 baris ke tabel Product_Category.
  [+] Berhasil memuat 5 baris ke tabel Product_Concern.
  [+] Berhasil memuat 2 baris ke tabel Product_Type.

✓ DONE: Seluruh data berhasil dimuat ke dalam database secara permanen.
-> Koneksi database telah ditutup.
[17.33.37,76] LOADING: SUCCESS 
End Time: 23/07/2026 17.33.38,03 
